<?xml version="1.0" encoding="UTF-8"?>
<!-- Generated by org.testng.reporters.JUnitReportReporter -->
<testsuite skipped="0" hostname="SHWETA" name="selenium.TestBasics" tests="2" failures="0" timestamp="11 Sep 2019 03:27:26 GMT" time="0.000" errors="0">
  <testcase name="logout" time="0.000" classname="selenium.TestBasics"/>
  <testcase name="login" time="0.000" classname="selenium.TestBasics"/>
</testsuite> <!-- selenium.TestBasics -->
