<?xml version="1.0" encoding="UTF-8"?>
<!-- Generated by org.testng.reporters.JUnitReportReporter -->
<testsuite skipped="1" hostname="SHWETA" name="selenium.Testing1" tests="3" failures="0" timestamp="2020-01-18T07:36:09 EST" time="0.016" errors="0">
  <testcase name="test1" time="0.016" classname="selenium.Testing1">
    <skipped/>
  </testcase> <!-- test1 -->
  <testcase name="test2" time="0.000" classname="selenium.Testing1"/>
  <testcase name="test3" time="0.000" classname="selenium.Testing1"/>
</testsuite> <!-- selenium.Testing1 -->
